<?xml version="1.0" encoding="UTF-8"?>
<testng-results skipped="0" failed="0" total="1" passed="1">
  <reporter-output>
  </reporter-output>
  <suite name="Suite" duration-ms="156" started-at="2019-03-03T15:04:54Z" finished-at="2019-03-03T15:04:54Z">
    <groups>
    </groups>
    <test name="Test" duration-ms="156" started-at="2019-03-03T15:04:54Z" finished-at="2019-03-03T15:04:54Z">
      <class name="com.NEHGS.testcases.AppTest">
        <test-method status="PASS" signature="shouldAnswerWithTrue()[pri:0, instance:com.NEHGS.testcases.AppTest@2812cbfa]" name="shouldAnswerWithTrue" duration-ms="46" started-at="2019-03-03T20:34:54Z" finished-at="2019-03-03T20:34:54Z">
          <reporter-output>
          </reporter-output>
        </test-method> <!-- shouldAnswerWithTrue -->
      </class> <!-- com.NEHGS.testcases.AppTest -->
    </test> <!-- Test -->
  </suite> <!-- Suite -->
</testng-results>
